<?xml version="1.0" encoding="UTF-8"?>
<testng-results ignored="0" total="1" passed="1" failed="0" skipped="0">
  <reporter-output>
  </reporter-output>
  <suite started-at="2025-07-15T17:32:57 IST" name="Default suite" finished-at="2025-07-15T17:33:00 IST" duration-ms="3474">
    <groups>
    </groups>
    <test started-at="2025-07-15T17:32:57 IST" name="Default test" finished-at="2025-07-15T17:33:00 IST" duration-ms="3474">
      <class name="com.favqs.tests.UsersTest">
        <test-method is-config="true" signature="setUp()[pri:0, instance:com.favqs.tests.UsersTest@48fa0f47]" started-at="2025-07-15T17:32:57 IST" name="setUp" finished-at="2025-07-15T17:32:57 IST" duration-ms="7" status="PASS">
          <reporter-output>
          </reporter-output>
        </test-method> <!-- setUp -->
        <test-method signature="createAnUserTest()[pri:0, instance:com.favqs.tests.UsersTest@48fa0f47]" started-at="2025-07-15T17:32:57 IST" name="createAnUserTest" description="Verify Create Users API" finished-at="2025-07-15T17:33:00 IST" duration-ms="3428" status="PASS">
          <reporter-output>
          </reporter-output>
        </test-method> <!-- createAnUserTest -->
        <test-method is-config="true" signature="clear()[pri:0, instance:com.favqs.tests.UsersTest@48fa0f47]" started-at="2025-07-15T17:33:00 IST" name="clear" finished-at="2025-07-15T17:33:00 IST" duration-ms="0" status="PASS">
          <reporter-output>
          </reporter-output>
        </test-method> <!-- clear -->
      </class> <!-- com.favqs.tests.UsersTest -->
    </test> <!-- Default test -->
  </suite> <!-- Default suite -->
</testng-results>
